<?xml version="1.0" encoding="UTF-8"?>
<!-- Generated by org.testng.reporters.JUnitReportReporter -->
<testsuite hostname="ADMIN" failures="0" tests="20" name="TestNGBase.TestngInvocationCount" time="0.348" errors="0" timestamp="2022-08-25T09:07:44 IST" skipped="0">
  <testcase classname="TestNGBase.TestngInvocationCount" name="testcase2" time="0.015"/>
  <system-out/>
  <testcase classname="TestNGBase.TestngInvocationCount" name="testcase2" time="0.013"/>
  <system-out/>
  <testcase classname="TestNGBase.TestngInvocationCount" name="testcase2" time="0.016"/>
  <system-out/>
  <testcase classname="TestNGBase.TestngInvocationCount" name="testcase1" time="0.013"/>
  <system-out/>
  <testcase classname="TestNGBase.TestngInvocationCount" name="testcase1" time="0.010"/>
  <system-out/>
  <testcase classname="TestNGBase.TestngInvocationCount" name="testcase2" time="0.017"/>
  <system-out/>
  <testcase classname="TestNGBase.TestngInvocationCount" name="testcase1" time="0.010"/>
  <system-out/>
  <testcase classname="TestNGBase.TestngInvocationCount" name="testcase2" time="0.003"/>
  <system-out/>
  <testcase classname="TestNGBase.TestngInvocationCount" name="testcase1" time="0.018"/>
  <system-out/>
  <testcase classname="TestNGBase.TestngInvocationCount" name="testcase1" time="0.024"/>
  <system-out/>
  <testcase classname="TestNGBase.TestngInvocationCount" name="testcase2" time="0.014"/>
  <system-out/>
  <testcase classname="TestNGBase.TestngInvocationCount" name="testcase1" time="0.011"/>
  <system-out/>
  <testcase classname="TestNGBase.TestngInvocationCount" name="testcase1" time="0.012"/>
  <system-out/>
  <testcase classname="TestNGBase.TestngInvocationCount" name="testcase2" time="0.013"/>
  <system-out/>
  <testcase classname="TestNGBase.TestngInvocationCount" name="testcase1" time="0.020"/>
  <system-out/>
  <testcase classname="TestNGBase.TestngInvocationCount" name="testcase1" time="0.044"/>
  <system-out/>
  <testcase classname="TestNGBase.TestngInvocationCount" name="testcase2" time="0.026"/>
  <system-out/>
  <testcase classname="TestNGBase.TestngInvocationCount" name="testcase1" time="0.021"/>
  <system-out/>
  <testcase classname="TestNGBase.TestngInvocationCount" name="testcase2" time="0.029"/>
  <system-out/>
  <testcase classname="TestNGBase.TestngInvocationCount" name="testcase2" time="0.019"/>
  <system-out/>
</testsuite> <!-- TestNGBase.TestngInvocationCount -->
