<?xml version="1.0" encoding="UTF-8"?>
<!-- Generated by org.testng.reporters.JUnitReportReporter -->
<testsuite hostname="ADMIN" failures="0" tests="5" name="TestNGBase.TestngPriority" time="0.110" errors="0" timestamp="2022-08-25T09:08:04 IST" skipped="0">
  <testcase classname="TestNGBase.TestngPriority" name="e_method" time="0.042"/>
  <system-out/>
  <testcase classname="TestNGBase.TestngPriority" name="a_method" time="0.008"/>
  <system-out/>
  <testcase classname="TestNGBase.TestngPriority" name="d_method" time="0.015"/>
  <system-out/>
  <testcase classname="TestNGBase.TestngPriority" name="c_method" time="0.034"/>
  <system-out/>
  <testcase classname="TestNGBase.TestngPriority" name="b_method" time="0.011"/>
  <system-out/>
</testsuite> <!-- TestNGBase.TestngPriority -->
