<?xml version="1.0" encoding="UTF-8"?>
<!-- Generated by org.testng.reporters.JUnitReportReporter -->
<testsuite hostname="ADMIN" failures="0" tests="1" name="TestNGBase.TestNGAnotetion" time="0.052" errors="0" timestamp="2022-08-25T09:06:49 IST" skipped="0">
  <testcase classname="TestNGBase.TestNGAnotetion" name="afterMethod" time="0.052"/>
  <system-out>
    <![CDATA[afterMethod]]>
  </system-out>
</testsuite> <!-- TestNGBase.TestNGAnotetion -->
